  test.c
E:\VS-C\text_3_3\text_3_3\test.c(45,6): error C2082: 形参“x”的重定义
E:\VS-C\text_3_3\text_3_3\test.c(45,8): error C2082: 形参“y”的重定义
