  test_0.c
E:\VS-C\test_3_6\test_3_6\test_0.c(10,3): warning C4013: “gets”未定义；假设外部返回 int
  test_3_6.c
E:\VS-C\test_3_6\test_3_6\test_3_6.c(92,3): warning C4013: “gets”未定义；假设外部返回 int
  正在生成代码...
test_3_6.obj : error LNK2005: main 已经在 test_0.obj 中定义
E:\VS-C\test_3_6\x64\Debug\test_3_6.exe : fatal error LNK1169: 找到一个或多个多重定义的符号
